2011-06-05 19:19:14 Warning: Warning (2): include_once(/home/y29cheng/cakephp/app/config/database.php) [http://php.net/function.include-once]: failed to open stream: No such file or directory in [/home/y29cheng/cakephp/cake/libs/model/connection_manager.php, line 23]
2011-06-05 19:19:14 Warning: Warning (2): include_once() [http://php.net/function.include]: Failed opening '/home/y29cheng/cakephp/app/config/database.php' for inclusion (include_path='/home/y29cheng/cakephp:/home/y29cheng/cakephp/app/:.:/usr/share/php:/usr/share/pear') in [/home/y29cheng/cakephp/cake/libs/model/connection_manager.php, line 23]
2011-06-05 19:19:14 Error: Fatal Error (256): ConnectionManager::getDataSource - Non-existent data source default in [/home/y29cheng/cakephp/cake/libs/model/connection_manager.php, line 102]
2011-06-05 19:19:35 Warning: Warning (2): include_once(/home/y29cheng/cakephp/app/config/database.php) [http://php.net/function.include-once]: failed to open stream: No such file or directory in [/home/y29cheng/cakephp/cake/libs/model/connection_manager.php, line 23]
2011-06-05 19:19:35 Warning: Warning (2): include_once() [http://php.net/function.include]: Failed opening '/home/y29cheng/cakephp/app/config/database.php' for inclusion (include_path='/home/y29cheng/cakephp:/home/y29cheng/cakephp/app/:.:/usr/share/php:/usr/share/pear') in [/home/y29cheng/cakephp/cake/libs/model/connection_manager.php, line 23]
2011-06-05 19:19:35 Error: Fatal Error (256): ConnectionManager::getDataSource - Non-existent data source default in [/home/y29cheng/cakephp/cake/libs/model/connection_manager.php, line 102]
2011-06-05 19:19:39 Warning: Warning (2): include_once(/home/y29cheng/cakephp/app/config/database.php) [http://php.net/function.include-once]: failed to open stream: No such file or directory in [/home/y29cheng/cakephp/cake/libs/model/connection_manager.php, line 23]
2011-06-05 19:19:39 Warning: Warning (2): include_once() [http://php.net/function.include]: Failed opening '/home/y29cheng/cakephp/app/config/database.php' for inclusion (include_path='/home/y29cheng/cakephp:/home/y29cheng/cakephp/app/:.:/usr/share/php:/usr/share/pear') in [/home/y29cheng/cakephp/cake/libs/model/connection_manager.php, line 23]
2011-06-05 19:19:39 Error: Fatal Error (256): ConnectionManager::getDataSource - Non-existent data source default in [/home/y29cheng/cakephp/cake/libs/model/connection_manager.php, line 102]
2011-06-05 19:24:38 Warning: Warning (2): include_once(/home/y29cheng/cakephp/app/config/database.php) [http://php.net/function.include-once]: failed to open stream: No such file or directory in [/home/y29cheng/cakephp/cake/libs/model/connection_manager.php, line 23]
2011-06-05 19:24:38 Warning: Warning (2): include_once() [http://php.net/function.include]: Failed opening '/home/y29cheng/cakephp/app/config/database.php' for inclusion (include_path='/home/y29cheng/cakephp:/home/y29cheng/cakephp/app/:.:/usr/share/php:/usr/share/pear') in [/home/y29cheng/cakephp/cake/libs/model/connection_manager.php, line 23]
2011-06-05 19:24:38 Error: Fatal Error (256): ConnectionManager::getDataSource - Non-existent data source default in [/home/y29cheng/cakephp/cake/libs/model/connection_manager.php, line 102]
2011-06-05 19:24:41 Warning: Warning (2): include_once(/home/y29cheng/cakephp/app/config/database.php) [http://php.net/function.include-once]: failed to open stream: No such file or directory in [/home/y29cheng/cakephp/cake/libs/model/connection_manager.php, line 23]
2011-06-05 19:24:41 Warning: Warning (2): include_once() [http://php.net/function.include]: Failed opening '/home/y29cheng/cakephp/app/config/database.php' for inclusion (include_path='/home/y29cheng/cakephp:/home/y29cheng/cakephp/app/:.:/usr/share/php:/usr/share/pear') in [/home/y29cheng/cakephp/cake/libs/model/connection_manager.php, line 23]
2011-06-05 19:24:41 Error: Fatal Error (256): ConnectionManager::getDataSource - Non-existent data source default in [/home/y29cheng/cakephp/cake/libs/model/connection_manager.php, line 102]
2011-06-05 19:25:12 Warning: Warning (2): include_once(/home/y29cheng/cakephp/app/config/database.php) [http://php.net/function.include-once]: failed to open stream: No such file or directory in [/home/y29cheng/cakephp/cake/libs/model/connection_manager.php, line 23]
2011-06-05 19:25:12 Warning: Warning (2): include_once() [http://php.net/function.include]: Failed opening '/home/y29cheng/cakephp/app/config/database.php' for inclusion (include_path='/home/y29cheng/cakephp:/home/y29cheng/cakephp/app/:.:/usr/share/php:/usr/share/pear') in [/home/y29cheng/cakephp/cake/libs/model/connection_manager.php, line 23]
2011-06-05 19:25:12 Error: Fatal Error (256): ConnectionManager::getDataSource - Non-existent data source default in [/home/y29cheng/cakephp/cake/libs/model/connection_manager.php, line 102]
2011-06-05 19:28:34 Warning: Warning (2): include_once(/home/y29cheng/cakephp/app/config/database.php) [http://php.net/function.include-once]: failed to open stream: No such file or directory in [/home/y29cheng/cakephp/cake/libs/model/connection_manager.php, line 23]
2011-06-05 19:28:34 Warning: Warning (2): include_once() [http://php.net/function.include]: Failed opening '/home/y29cheng/cakephp/app/config/database.php' for inclusion (include_path='/home/y29cheng/cakephp:/home/y29cheng/cakephp/app/:.:/usr/share/php:/usr/share/pear') in [/home/y29cheng/cakephp/cake/libs/model/connection_manager.php, line 23]
2011-06-05 19:28:34 Error: Fatal Error (256): ConnectionManager::getDataSource - Non-existent data source default in [/home/y29cheng/cakephp/cake/libs/model/connection_manager.php, line 102]
2011-06-05 19:33:59 Warning: Warning (2): include_once(/home/y29cheng/cakephp/app/config/database.php) [http://php.net/function.include-once]: failed to open stream: No such file or directory in [/home/y29cheng/cakephp/cake/libs/model/connection_manager.php, line 23]
2011-06-05 19:33:59 Warning: Warning (2): include_once() [http://php.net/function.include]: Failed opening '/home/y29cheng/cakephp/app/config/database.php' for inclusion (include_path='/home/y29cheng/cakephp:/home/y29cheng/cakephp/app/:.:/usr/share/php:/usr/share/pear') in [/home/y29cheng/cakephp/cake/libs/model/connection_manager.php, line 23]
2011-06-05 19:33:59 Error: Fatal Error (256): ConnectionManager::getDataSource - Non-existent data source default in [/home/y29cheng/cakephp/cake/libs/model/connection_manager.php, line 102]
2011-06-05 19:36:09 Warning: Warning (2): mysql_connect() [http://php.net/function.mysql-connect]: Access denied for user 'user'@'localhost' (using password: YES) in [/home/y29cheng/cakephp/cake/libs/model/datasources/dbo/dbo_mysql.php, line 561]
2011-06-05 19:36:09 Warning: Warning (2): mysql_select_db() expects parameter 2 to be resource, boolean given in [/home/y29cheng/cakephp/cake/libs/model/datasources/dbo/dbo_mysql.php, line 567]
2011-06-05 19:36:09 Warning: Warning (2): mysql_get_server_info() expects parameter 1 to be resource, boolean given in [/home/y29cheng/cakephp/cake/libs/model/datasources/dbo/dbo_mysql.php, line 575]
2011-06-05 19:36:09 Warning: Warning (2): mysql_query() expects parameter 2 to be resource, boolean given in [/home/y29cheng/cakephp/cake/libs/model/datasources/dbo/dbo_mysql.php, line 609]
2011-06-05 19:36:09 Warning: Warning (2): Cannot modify header information - headers already sent by (output started at /home/y29cheng/cakephp/cake/libs/debugger.php:673) in [/home/y29cheng/cakephp/cake/libs/controller/controller.php, line 742]
2011-06-05 19:36:09 Warning: Warning (2): mysql_connect() [http://php.net/function.mysql-connect]: Access denied for user 'user'@'localhost' (using password: YES) in [/home/y29cheng/cakephp/cake/libs/model/datasources/dbo/dbo_mysql.php, line 561]
2011-06-05 19:36:09 Warning: Warning (2): mysql_select_db() expects parameter 2 to be resource, boolean given in [/home/y29cheng/cakephp/cake/libs/model/datasources/dbo/dbo_mysql.php, line 567]
2011-06-05 19:36:09 Warning: Warning (2): mysql_get_server_info() expects parameter 1 to be resource, boolean given in [/home/y29cheng/cakephp/cake/libs/model/datasources/dbo/dbo_mysql.php, line 575]
2011-06-05 19:36:09 Warning: Warning (2): mysql_query() expects parameter 2 to be resource, boolean given in [/home/y29cheng/cakephp/cake/libs/model/datasources/dbo/dbo_mysql.php, line 609]
2011-06-05 19:36:09 Warning: Warning (2): Cannot modify header information - headers already sent by (output started at /home/y29cheng/cakephp/cake/libs/debugger.php:673) in [/home/y29cheng/cakephp/cake/libs/controller/controller.php, line 742]
2011-06-05 21:56:20 Warning: Warning (2): mysql_connect() [http://php.net/function.mysql-connect]: Access denied for user 'user'@'localhost' (using password: YES) in [/home/y29cheng/cakephp/cake/libs/model/datasources/dbo/dbo_mysql.php, line 561]
2011-06-05 21:56:20 Warning: Warning (2): mysql_select_db() expects parameter 2 to be resource, boolean given in [/home/y29cheng/cakephp/cake/libs/model/datasources/dbo/dbo_mysql.php, line 567]
2011-06-05 21:56:20 Warning: Warning (2): mysql_get_server_info() expects parameter 1 to be resource, boolean given in [/home/y29cheng/cakephp/cake/libs/model/datasources/dbo/dbo_mysql.php, line 575]
2011-06-05 21:56:20 Warning: Warning (2): mysql_query() expects parameter 2 to be resource, boolean given in [/home/y29cheng/cakephp/cake/libs/model/datasources/dbo/dbo_mysql.php, line 609]
2011-06-05 21:56:20 Warning: Warning (2): Cannot modify header information - headers already sent by (output started at /home/y29cheng/cakephp/cake/libs/debugger.php:673) in [/home/y29cheng/cakephp/cake/libs/controller/controller.php, line 742]
2011-06-05 21:56:20 Warning: Warning (2): mysql_connect() [http://php.net/function.mysql-connect]: Access denied for user 'user'@'localhost' (using password: YES) in [/home/y29cheng/cakephp/cake/libs/model/datasources/dbo/dbo_mysql.php, line 561]
2011-06-05 21:56:20 Warning: Warning (2): mysql_select_db() expects parameter 2 to be resource, boolean given in [/home/y29cheng/cakephp/cake/libs/model/datasources/dbo/dbo_mysql.php, line 567]
2011-06-05 21:56:20 Warning: Warning (2): mysql_get_server_info() expects parameter 1 to be resource, boolean given in [/home/y29cheng/cakephp/cake/libs/model/datasources/dbo/dbo_mysql.php, line 575]
2011-06-05 21:56:20 Warning: Warning (2): mysql_query() expects parameter 2 to be resource, boolean given in [/home/y29cheng/cakephp/cake/libs/model/datasources/dbo/dbo_mysql.php, line 609]
2011-06-05 21:56:20 Warning: Warning (2): Cannot modify header information - headers already sent by (output started at /home/y29cheng/cakephp/cake/libs/debugger.php:673) in [/home/y29cheng/cakephp/cake/libs/controller/controller.php, line 742]
2011-06-05 21:58:10 Warning: Warning (2): mysql_connect() [http://php.net/function.mysql-connect]: Access denied for user 'user'@'localhost' (using password: YES) in [/home/y29cheng/cakephp/cake/libs/model/datasources/dbo/dbo_mysql.php, line 561]
2011-06-05 21:58:10 Warning: Warning (2): mysql_select_db() expects parameter 2 to be resource, boolean given in [/home/y29cheng/cakephp/cake/libs/model/datasources/dbo/dbo_mysql.php, line 567]
2011-06-05 21:58:10 Warning: Warning (2): mysql_get_server_info() expects parameter 1 to be resource, boolean given in [/home/y29cheng/cakephp/cake/libs/model/datasources/dbo/dbo_mysql.php, line 575]
2011-06-05 21:58:10 Warning: Warning (2): mysql_query() expects parameter 2 to be resource, boolean given in [/home/y29cheng/cakephp/cake/libs/model/datasources/dbo/dbo_mysql.php, line 609]
2011-06-05 21:58:10 Warning: Warning (2): Cannot modify header information - headers already sent by (output started at /home/y29cheng/cakephp/cake/libs/debugger.php:673) in [/home/y29cheng/cakephp/cake/libs/controller/controller.php, line 742]
2011-06-05 21:58:11 Warning: Warning (2): mysql_connect() [http://php.net/function.mysql-connect]: Access denied for user 'user'@'localhost' (using password: YES) in [/home/y29cheng/cakephp/cake/libs/model/datasources/dbo/dbo_mysql.php, line 561]
2011-06-05 21:58:11 Warning: Warning (2): mysql_select_db() expects parameter 2 to be resource, boolean given in [/home/y29cheng/cakephp/cake/libs/model/datasources/dbo/dbo_mysql.php, line 567]
2011-06-05 21:58:11 Warning: Warning (2): mysql_get_server_info() expects parameter 1 to be resource, boolean given in [/home/y29cheng/cakephp/cake/libs/model/datasources/dbo/dbo_mysql.php, line 575]
2011-06-05 21:58:11 Warning: Warning (2): mysql_query() expects parameter 2 to be resource, boolean given in [/home/y29cheng/cakephp/cake/libs/model/datasources/dbo/dbo_mysql.php, line 609]
2011-06-05 21:58:11 Warning: Warning (2): Cannot modify header information - headers already sent by (output started at /home/y29cheng/cakephp/cake/libs/debugger.php:673) in [/home/y29cheng/cakephp/cake/libs/controller/controller.php, line 742]
2011-06-07 16:18:06 Warning: Warning (2): mysql_connect() [http://php.net/function.mysql-connect]: Access denied for user 'user'@'localhost' (using password: YES) in [/home/y29cheng/cakephp/cake/libs/model/datasources/dbo/dbo_mysql.php, line 561]
2011-06-07 16:18:06 Warning: Warning (2): mysql_select_db() expects parameter 2 to be resource, boolean given in [/home/y29cheng/cakephp/cake/libs/model/datasources/dbo/dbo_mysql.php, line 567]
2011-06-07 16:18:06 Warning: Warning (2): mysql_get_server_info() expects parameter 1 to be resource, boolean given in [/home/y29cheng/cakephp/cake/libs/model/datasources/dbo/dbo_mysql.php, line 575]
2011-06-07 16:18:06 Warning: Warning (2): mysql_query() expects parameter 2 to be resource, boolean given in [/home/y29cheng/cakephp/cake/libs/model/datasources/dbo/dbo_mysql.php, line 609]
2011-06-07 16:18:06 Warning: Warning (2): Cannot modify header information - headers already sent by (output started at /home/y29cheng/cakephp/cake/libs/debugger.php:673) in [/home/y29cheng/cakephp/cake/libs/controller/controller.php, line 742]
